<?xml version="1.0" encoding="UTF-8"?>
<testsuite xmlns:xsi="http://www.w3.org/2001/XMLSchema-instance" xsi:noNamespaceSchemaLocation="https://maven.apache.org/surefire/maven-surefire-plugin/xsd/surefire-test-report.xsd" version="3.0.2" name="com.example.item_service.ItemServiceApplicationTests" time="13.972" tests="1" errors="0" skipped="0" failures="0">
  <properties>
[...]
</properties>
  <testcase name="contextLoads" classname="com.example.item_service.ItemServiceApplicationTests" time="2.182">
    <system-out><![CDATA[22:55:24.249 [main] INFO org.springframework.test.context.support.AnnotationConfigContextLoaderUtils -- Could not detect default configuration classes for test class [com.example.item_service.ItemServiceApplicationTests]: ItemServiceApplicationTests does not declare any static, non-private, non-final, nested classes annotated with @Configuration.
22:55:24.979 [main] INFO org.springframework.boot.test.context.SpringBootTestContextBootstrapper -- Found @SpringBootConfiguration com.example.item_service.ItemServiceApplication for test class com.example.item_service.ItemServiceApplicationTests

  .   ____          _            __ _ _
 /\\ / ___'_ __ _ _(_)_ __  __ _ \ \ \ \
( ( )\___ | '_ | '_| | '_ \/ _` | \ \ \ \
 \\/  ___)| |_)| | | | | || (_| |  ) ) ) )
  '  |____| .__|_| |_|_| |_\__, | / / / /
 =========|_|==============|___/=/_/_/_/

 :: Spring Boot ::                (v4.0.3)

2026-03-03T22:55:27.551+05:30  INFO 29128 --- [item-service] [           main] c.e.i.ItemServiceApplicationTests        : Starting ItemServiceApplicationTests using Java 17.0.11 with PID 29128 (started by Kavini in D:\Github\CTSE_Lab_05-Microservices_Lab\item-service)
2026-03-03T22:55:27.564+05:30  INFO 29128 --- [item-service] [           main] c.e.i.ItemServiceApplicationTests        : No active profile set, falling back to 1 default profile: "default"
2026-03-03T22:55:35.062+05:30  INFO 29128 --- [item-service] [           main] c.e.i.ItemServiceApplicationTests        : Started ItemServiceApplicationTests in 9.219 seconds (process running for 15.387)
]]></system-out>
  </testcase>
</testsuite>